<?xml version="1.0" encoding="UTF-8"?>
<!-- Generated by org.testng.reporters.JUnitReportReporter -->
<testsuite hostname="Doyen12-PC" name="POM.IrctcUserHomePage" tests="2" failures="0" timestamp="13 Jul 2017 13:20:15 GMT" time="86.055" errors="0">
  <testcase name="f" time="28.430" classname="POM.IrctcUserHomePage"/>
  <testcase name="ff" time="57.625" classname="POM.IrctcUserHomePage"/>
</testsuite> <!-- POM.IrctcUserHomePage -->
