<?xml version="1.0" encoding="UTF-8"?>
<!-- Generated by org.testng.reporters.JUnitReportReporter -->
<testsuite hostname="Doyen12-PC" name="POM.FacebookLoginTest" tests="2" failures="0" timestamp="31 Mar 2017 08:27:19 GMT" time="86.818" errors="0">
  <testcase name="f" time="30.062" classname="POM.FacebookLoginTest"/>
  <testcase name="ff" time="56.756" classname="POM.FacebookLoginTest"/>
</testsuite> <!-- POM.FacebookLoginTest -->
